{
  "stats": {
    "suites": 1,
    "tests": 3,
    "passes": 2,
    "pending": 0,
    "failures": 1,
    "start": "2021-01-21T16:41:10.906Z",
    "end": "2021-01-21T16:41:10.914Z",
    "duration": 8,
    "testsRegistered": 3,
    "passPercent": 66.66666666666666,
    "pendingPercent": 0,
    "other": 0,
    "hasOther": false,
    "skipped": 0,
    "hasSkipped": false
  },
  "results": [
    {
      "uuid": "c3100cd3-4cc9-4330-bbfa-d3e9cb206796",
      "title": "",
      "fullFile": "",
      "file": "",
      "beforeHooks": [],
      "afterHooks": [],
      "tests": [],
      "suites": [
        {
          "uuid": "16dffbea-8565-46c9-a677-1a1370a567c1",
          "title": "Tests on Name list",
          "fullFile": "/Users/sreesanga/Desktop/assigmnt9C/specs/assignment.js",
          "file": "/specs/assignment.js",
          "beforeHooks": [],
          "afterHooks": [],
          "tests": [
            {
              "title": "Assert length of name list is 5",
              "fullTitle": "Tests on Name list Assert length of name list is 5",
              "timedOut": false,
              "duration": 0,
              "state": "passed",
              "speed": "fast",
              "pass": true,
              "fail": false,
              "pending": false,
              "context": null,
              "code": "let len = name.length\nassert.equal(len,5,\"Length of list is not equal to 5\")",
              "err": {},
              "uuid": "e3bedff9-17d7-4063-b6e0-436cbda591d6",
              "parentUUID": "16dffbea-8565-46c9-a677-1a1370a567c1",
              "isHook": false,
              "skipped": false
            },
            {
              "title": "Assert names list contains ‘Daniel’",
              "fullTitle": "Tests on Name list Assert names list contains ‘Daniel’",
              "timedOut": false,
              "duration": 1,
              "state": "failed",
              "speed": null,
              "pass": false,
              "fail": true,
              "pending": false,
              "context": null,
              "code": "assert.include(name,'Daniel',\"Daniel name not included\")",
              "err": {
                "message": "AssertionError: Daniel name not included: expected [ Array(5) ] to include 'Daniel'",
                "estack": "AssertionError: Daniel name not included: expected [ Array(5) ] to include 'Daniel'\n    at Context.<anonymous> (file:///Users/sreesanga/Desktop/assigmnt9C/specs/assignment.js:14:16)\n    at processImmediate (internal/timers.js:461:21)",
                "diff": null
              },
              "uuid": "25ac435a-7930-4f98-b64d-0ec502206fee",
              "parentUUID": "16dffbea-8565-46c9-a677-1a1370a567c1",
              "isHook": false,
              "skipped": false
            },
            {
              "title": "Filter Name that starts with ‘Jack’ and resultant list is of length 2",
              "fullTitle": "Tests on Name list Filter Name that starts with ‘Jack’ and resultant list is of length 2",
              "timedOut": false,
              "duration": 2,
              "state": "passed",
              "speed": "fast",
              "pass": true,
              "fail": false,
              "pending": false,
              "context": null,
              "code": "let nameJack = name.filter(n => n.startsWith('Jack'))\nconsole.log(nameJack)\nlet jlen = nameJack.length\nassert.equal(jlen,2,\"number of names starting with jack are not 2\")",
              "err": {},
              "uuid": "7ee70d5f-4221-4fdb-9bbd-a0998546c794",
              "parentUUID": "16dffbea-8565-46c9-a677-1a1370a567c1",
              "isHook": false,
              "skipped": false
            }
          ],
          "suites": [],
          "passes": [
            "e3bedff9-17d7-4063-b6e0-436cbda591d6",
            "7ee70d5f-4221-4fdb-9bbd-a0998546c794"
          ],
          "failures": [
            "25ac435a-7930-4f98-b64d-0ec502206fee"
          ],
          "pending": [],
          "skipped": [],
          "duration": 3,
          "root": false,
          "rootEmpty": false,
          "_timeout": 2000
        }
      ],
      "passes": [],
      "failures": [],
      "pending": [],
      "skipped": [],
      "duration": 0,
      "root": true,
      "rootEmpty": true,
      "_timeout": 2000
    }
  ],
  "meta": {
    "mocha": {
      "version": "8.2.1"
    },
    "mochawesome": {
      "options": {
        "quiet": false,
        "reportFilename": "mochawesome",
        "saveHtml": true,
        "saveJson": true,
        "consoleReporter": "spec",
        "useInlineDiffs": false,
        "code": true
      },
      "version": "6.2.1"
    },
    "marge": {
      "options": null,
      "version": "5.1.0"
    }
  }
}